2025-03-28 01:25:31:2531 [32minfo[39m: [32mDatabase path: /Users/pta/Dev/eth/L2-eigenlayer-restaking/app-server/data/transactions.db[39m
2025-03-28 01:25:31:2531 [32minfo[39m: [32mDatabase initialized successfully[39m
2025-03-28 01:25:31:2531 [32minfo[39m: [32mServer running with SSL: DISABLED[39m
2025-03-28 01:25:31:2531 [32minfo[39m: [32mCreating HTTP server...[39m
2025-03-28 01:25:31:2531 [32minfo[39m: [32mHTTP server created successfully[39m
2025-03-28 01:25:31:2531 [31merror[39m: [31mServer error: listen EADDRINUSE: address already in use 0.0.0.0:3001[39m
2025-03-28 01:25:31:2531 [32minfo[39m: [32mData directory created or confirmed[39m
2025-03-28 01:25:31:2531 [32minfo[39m: [32mNo existing transactions.json file found[39m
2025-03-28 01:26:37:2637 [32minfo[39m: [32mDatabase path: /Users/pta/Dev/eth/L2-eigenlayer-restaking/app-server/data/transactions.db[39m
2025-03-28 01:26:37:2637 [32minfo[39m: [32mDatabase initialized successfully[39m
2025-03-28 01:26:37:2637 [32minfo[39m: [32mServer running with SSL: DISABLED[39m
2025-03-28 01:26:37:2637 [32minfo[39m: [32mCreating HTTP server...[39m
2025-03-28 01:26:37:2637 [32minfo[39m: [32mHTTP server created successfully[39m
2025-03-28 01:26:37:2637 [32minfo[39m: [32m🚀 Server running at http://api.l2restaking.info:3001[39m
2025-03-28 01:26:37:2637 [32minfo[39m: [32mStarted pending transaction checker[39m
2025-03-28 01:26:37:2637 [32minfo[39m: [32mData directory created or confirmed[39m
2025-03-28 01:26:37:2637 [32minfo[39m: [32mNo existing transactions.json file found[39m
2025-03-28 01:26:39:2639 [32minfo[39m: [32mShutting down server gracefully...[39m
2025-03-28 01:27:04:274 [32minfo[39m: [32mDatabase path: /Users/pta/Dev/eth/L2-eigenlayer-restaking/app-server/data/transactions.db[39m
2025-03-28 01:27:04:274 [32minfo[39m: [32mDatabase initialized successfully[39m
2025-03-28 01:27:04:274 [32minfo[39m: [32mServer running with SSL: DISABLED[39m
2025-03-28 01:27:04:274 [32minfo[39m: [32mCreating HTTP server...[39m
2025-03-28 01:27:04:274 [32minfo[39m: [32mHTTP server created successfully[39m
2025-03-28 01:27:04:274 [32minfo[39m: [32m🚀 Server running at http://api.l2restaking.info:3001[39m
2025-03-28 01:27:04:274 [32minfo[39m: [32mStarted pending transaction checker[39m
2025-03-28 01:27:04:274 [32minfo[39m: [32mData directory created or confirmed[39m
2025-03-28 01:27:04:274 [32minfo[39m: [32mNo existing transactions.json file found[39m
2025-03-28 02:18:24:1824 [32minfo[39m: [32mSIGTERM received. Shutting down server gracefully...[39m
2025-03-28 02:18:24:1824 [32minfo[39m: [32mDatabase path: /Users/pta/Dev/eth/L2-eigenlayer-restaking/app-server/data/transactions.db[39m
2025-03-28 02:18:24:1824 [32minfo[39m: [32mDatabase initialized successfully[39m
2025-03-28 02:18:24:1824 [32minfo[39m: [32mServer running with SSL: DISABLED[39m
2025-03-28 02:18:24:1824 [32minfo[39m: [32mCreating HTTP server...[39m
2025-03-28 02:18:24:1824 [32minfo[39m: [32mHTTP server created successfully[39m
2025-03-28 02:18:24:1824 [32minfo[39m: [32m🚀 Server running at http://api.l2restaking.info:3001[39m
2025-03-28 02:18:24:1824 [32minfo[39m: [32mStarted pending transaction checker[39m
2025-03-28 02:18:24:1824 [32minfo[39m: [32mData directory created or confirmed[39m
2025-03-28 02:18:24:1824 [32minfo[39m: [32mNo existing transactions.json file found[39m
